
=PROGRESS REPORT==== 26-Oct-2022::12:12:05 ===
          supervisor: {local,sasl_safe_sup}
             started: [{pid,<0.24542.0>},
                       {id,alarm_handler},
                       {mfargs,{alarm_handler,start_link,[]}},
                       {restart_type,permanent},
                       {shutdown,2000},
                       {child_type,worker}]

=PROGRESS REPORT==== 26-Oct-2022::12:12:05 ===
          supervisor: {local,sasl_sup}
             started: [{pid,<0.24541.0>},
                       {id,sasl_safe_sup},
                       {mfargs,
                           {supervisor,start_link,
                               [{local,sasl_safe_sup},sasl,safe]}},
                       {restart_type,permanent},
                       {shutdown,infinity},
                       {child_type,supervisor}]

=PROGRESS REPORT==== 26-Oct-2022::12:12:05 ===
          supervisor: {local,sasl_sup}
             started: [{pid,<0.24543.0>},
                       {id,release_handler},
                       {mfargs,{release_handler,start_link,[]}},
                       {restart_type,permanent},
                       {shutdown,2000},
                       {child_type,worker}]

=PROGRESS REPORT==== 26-Oct-2022::12:12:05 ===
         application: sasl
          started_at: '1666786269@32-prefiks-master-122af79'

=PROGRESS REPORT==== 26-Oct-2022::12:12:06 ===
         application: syntax_tools
          started_at: '1666786269@32-prefiks-master-122af79'

=PROGRESS REPORT==== 26-Oct-2022::12:12:06 ===
         application: compiler
          started_at: '1666786269@32-prefiks-master-122af79'

=PROGRESS REPORT==== 26-Oct-2022::12:12:06 ===
          supervisor: {local,gr_sup}
             started: [{pid,<0.24554.0>},
                       {id,gr_counter_sup},
                       {mfargs,{gr_counter_sup,start_link,[]}},
                       {restart_type,permanent},
                       {shutdown,5000},
                       {child_type,supervisor}]

=PROGRESS REPORT==== 26-Oct-2022::12:12:06 ===
          supervisor: {local,gr_sup}
             started: [{pid,<0.24555.0>},
                       {id,gr_param_sup},
                       {mfargs,{gr_param_sup,start_link,[]}},
                       {restart_type,permanent},
                       {shutdown,5000},
                       {child_type,supervisor}]

=PROGRESS REPORT==== 26-Oct-2022::12:12:06 ===
          supervisor: {local,gr_sup}
             started: [{pid,<0.24556.0>},
                       {id,gr_manager_sup},
                       {mfargs,{gr_manager_sup,start_link,[]}},
                       {restart_type,permanent},
                       {shutdown,5000},
                       {child_type,supervisor}]

=PROGRESS REPORT==== 26-Oct-2022::12:12:06 ===
         application: goldrush
          started_at: '1666786269@32-prefiks-master-122af79'

=PROGRESS REPORT==== 26-Oct-2022::12:12:06 ===
          supervisor: {local,lager_sup}
             started: [{pid,<0.24561.0>},
                       {id,lager},
                       {mfargs,{gen_event,start_link,[{local,lager_event}]}},
                       {restart_type,permanent},
                       {shutdown,5000},
                       {child_type,worker}]

=PROGRESS REPORT==== 26-Oct-2022::12:12:06 ===
          supervisor: {local,lager_sup}
             started: [{pid,<0.24562.0>},
                       {id,lager_handler_watcher_sup},
                       {mfargs,{lager_handler_watcher_sup,start_link,[]}},
                       {restart_type,permanent},
                       {shutdown,5000},
                       {child_type,supervisor}]

=PROGRESS REPORT==== 26-Oct-2022::12:12:06 ===
          supervisor: {local,lager_sup}
             started: [{pid,<0.24563.0>},
                       {id,lager_crash_log},
                       {mfargs,
                           {lager_crash_log,start_link,
                               ["/home/runner/work/ejabberd/ejabberd/_build/test/logs/ct_run.1666786269@32-prefiks-master-122af79.2022-10-26_12.12.04/lib.ejabberd.logs/run.2022-10-26_12.12.05/log_private/crash.log",
                                65536,10485760,undefined,1,
                                lager_rotator_default]}},
                       {restart_type,permanent},
                       {shutdown,5000},
                       {child_type,worker}]
