
=PROGRESS REPORT==== 7-Sep-2022::12:10:14 ===
          supervisor: {local,sasl_safe_sup}
             started: [{pid,<0.24545.0>},
                       {id,alarm_handler},
                       {mfargs,{alarm_handler,start_link,[]}},
                       {restart_type,permanent},
                       {shutdown,2000},
                       {child_type,worker}]

=PROGRESS REPORT==== 7-Sep-2022::12:10:14 ===
          supervisor: {local,sasl_sup}
             started: [{pid,<0.24544.0>},
                       {id,sasl_safe_sup},
                       {mfargs,
                           {supervisor,start_link,
                               [{local,sasl_safe_sup},sasl,safe]}},
                       {restart_type,permanent},
                       {shutdown,infinity},
                       {child_type,supervisor}]

=PROGRESS REPORT==== 7-Sep-2022::12:10:14 ===
          supervisor: {local,sasl_sup}
             started: [{pid,<0.24546.0>},
                       {id,release_handler},
                       {mfargs,{release_handler,start_link,[]}},
                       {restart_type,permanent},
                       {shutdown,2000},
                       {child_type,worker}]

=PROGRESS REPORT==== 7-Sep-2022::12:10:14 ===
         application: sasl
          started_at: '1662552555@383-badlop-master-3312eaa'

=PROGRESS REPORT==== 7-Sep-2022::12:10:14 ===
         application: syntax_tools
          started_at: '1662552555@383-badlop-master-3312eaa'

=PROGRESS REPORT==== 7-Sep-2022::12:10:14 ===
         application: compiler
          started_at: '1662552555@383-badlop-master-3312eaa'

=PROGRESS REPORT==== 7-Sep-2022::12:10:14 ===
          supervisor: {local,gr_sup}
             started: [{pid,<0.24557.0>},
                       {id,gr_counter_sup},
                       {mfargs,{gr_counter_sup,start_link,[]}},
                       {restart_type,permanent},
                       {shutdown,5000},
                       {child_type,supervisor}]

=PROGRESS REPORT==== 7-Sep-2022::12:10:14 ===
          supervisor: {local,gr_sup}
             started: [{pid,<0.24558.0>},
                       {id,gr_param_sup},
                       {mfargs,{gr_param_sup,start_link,[]}},
                       {restart_type,permanent},
                       {shutdown,5000},
                       {child_type,supervisor}]

=PROGRESS REPORT==== 7-Sep-2022::12:10:14 ===
          supervisor: {local,gr_sup}
             started: [{pid,<0.24559.0>},
                       {id,gr_manager_sup},
                       {mfargs,{gr_manager_sup,start_link,[]}},
                       {restart_type,permanent},
                       {shutdown,5000},
                       {child_type,supervisor}]

=PROGRESS REPORT==== 7-Sep-2022::12:10:14 ===
         application: goldrush
          started_at: '1662552555@383-badlop-master-3312eaa'

=PROGRESS REPORT==== 7-Sep-2022::12:10:14 ===
          supervisor: {local,lager_sup}
             started: [{pid,<0.24564.0>},
                       {id,lager},
                       {mfargs,{gen_event,start_link,[{local,lager_event}]}},
                       {restart_type,permanent},
                       {shutdown,5000},
                       {child_type,worker}]

=PROGRESS REPORT==== 7-Sep-2022::12:10:14 ===
          supervisor: {local,lager_sup}
             started: [{pid,<0.24565.0>},
                       {id,lager_handler_watcher_sup},
                       {mfargs,{lager_handler_watcher_sup,start_link,[]}},
                       {restart_type,permanent},
                       {shutdown,5000},
                       {child_type,supervisor}]

=PROGRESS REPORT==== 7-Sep-2022::12:10:14 ===
          supervisor: {local,lager_sup}
             started: [{pid,<0.24566.0>},
                       {id,lager_crash_log},
                       {mfargs,
                           {lager_crash_log,start_link,
                               ["/home/runner/work/ejabberd/ejabberd/_build/test/logs/ct_run.1662552555@383-badlop-master-3312eaa.2022-09-07_12.10.13/lib.ejabberd.logs/run.2022-09-07_12.10.13/log_private/crash.log",
                                65536,10485760,undefined,1,
                                lager_rotator_default]}},
                       {restart_type,permanent},
                       {shutdown,5000},
                       {child_type,worker}]
