
=PROGRESS REPORT==== 2-Oct-2023::12:50:32 ===
          supervisor: {local,sasl_safe_sup}
             started: [{pid,<0.25101.0>},
                       {id,alarm_handler},
                       {mfargs,{alarm_handler,start_link,[]}},
                       {restart_type,permanent},
                       {shutdown,2000},
                       {child_type,worker}]

=PROGRESS REPORT==== 2-Oct-2023::12:50:32 ===
          supervisor: {local,sasl_sup}
             started: [{pid,<0.25100.0>},
                       {id,sasl_safe_sup},
                       {mfargs,
                           {supervisor,start_link,
                               [{local,sasl_safe_sup},sasl,safe]}},
                       {restart_type,permanent},
                       {shutdown,infinity},
                       {child_type,supervisor}]

=PROGRESS REPORT==== 2-Oct-2023::12:50:32 ===
          supervisor: {local,sasl_sup}
             started: [{pid,<0.25102.0>},
                       {id,release_handler},
                       {mfargs,{release_handler,start_link,[]}},
                       {restart_type,permanent},
                       {shutdown,2000},
                       {child_type,worker}]

=PROGRESS REPORT==== 2-Oct-2023::12:50:32 ===
         application: sasl
          started_at: '1696250970@588-prefiks-master-86465c4'

=PROGRESS REPORT==== 2-Oct-2023::12:50:32 ===
         application: syntax_tools
          started_at: '1696250970@588-prefiks-master-86465c4'

=PROGRESS REPORT==== 2-Oct-2023::12:50:32 ===
         application: compiler
          started_at: '1696250970@588-prefiks-master-86465c4'

=PROGRESS REPORT==== 2-Oct-2023::12:50:32 ===
          supervisor: {local,gr_sup}
             started: [{pid,<0.25117.0>},
                       {id,gr_counter_sup},
                       {mfargs,{gr_counter_sup,start_link,[]}},
                       {restart_type,permanent},
                       {shutdown,5000},
                       {child_type,supervisor}]

=PROGRESS REPORT==== 2-Oct-2023::12:50:32 ===
          supervisor: {local,gr_sup}
             started: [{pid,<0.25119.0>},
                       {id,gr_param_sup},
                       {mfargs,{gr_param_sup,start_link,[]}},
                       {restart_type,permanent},
                       {shutdown,5000},
                       {child_type,supervisor}]

=PROGRESS REPORT==== 2-Oct-2023::12:50:32 ===
          supervisor: {local,gr_sup}
             started: [{pid,<0.25121.0>},
                       {id,gr_manager_sup},
                       {mfargs,{gr_manager_sup,start_link,[]}},
                       {restart_type,permanent},
                       {shutdown,5000},
                       {child_type,supervisor}]

=PROGRESS REPORT==== 2-Oct-2023::12:50:32 ===
         application: goldrush
          started_at: '1696250970@588-prefiks-master-86465c4'

=PROGRESS REPORT==== 2-Oct-2023::12:50:32 ===
          supervisor: {local,lager_sup}
             started: [{pid,<0.25128.0>},
                       {id,lager},
                       {mfargs,{gen_event,start_link,[{local,lager_event}]}},
                       {restart_type,permanent},
                       {shutdown,5000},
                       {child_type,worker}]

=PROGRESS REPORT==== 2-Oct-2023::12:50:32 ===
          supervisor: {local,lager_sup}
             started: [{pid,<0.25130.0>},
                       {id,lager_handler_watcher_sup},
                       {mfargs,{lager_handler_watcher_sup,start_link,[]}},
                       {restart_type,permanent},
                       {shutdown,5000},
                       {child_type,supervisor}]

=PROGRESS REPORT==== 2-Oct-2023::12:50:32 ===
          supervisor: {local,lager_sup}
             started: [{pid,<0.25132.0>},
                       {id,lager_crash_log},
                       {mfargs,
                           {lager_crash_log,start_link,
                               ["/home/runner/work/ejabberd/ejabberd/_build/test/logs/ct_run.1696250970@588-prefiks-master-86465c4.2023-10-02_12.50.31/lib.ejabberd.logs/run.2023-10-02_12.50.31/log_private/crash.log",
                                65536,10485760,undefined,1,
                                lager_rotator_default]}},
                       {restart_type,permanent},
                       {shutdown,5000},
                       {child_type,worker}]
