
=PROGRESS REPORT==== 17-Jan-2023::14:48:35 ===
          supervisor: {local,sasl_safe_sup}
             started: [{pid,<0.24774.0>},
                       {id,alarm_handler},
                       {mfargs,{alarm_handler,start_link,[]}},
                       {restart_type,permanent},
                       {shutdown,2000},
                       {child_type,worker}]

=PROGRESS REPORT==== 17-Jan-2023::14:48:35 ===
          supervisor: {local,sasl_sup}
             started: [{pid,<0.24773.0>},
                       {id,sasl_safe_sup},
                       {mfargs,
                           {supervisor,start_link,
                               [{local,sasl_safe_sup},sasl,safe]}},
                       {restart_type,permanent},
                       {shutdown,infinity},
                       {child_type,supervisor}]

=PROGRESS REPORT==== 17-Jan-2023::14:48:35 ===
          supervisor: {local,sasl_sup}
             started: [{pid,<0.24775.0>},
                       {id,release_handler},
                       {mfargs,{release_handler,start_link,[]}},
                       {restart_type,permanent},
                       {shutdown,2000},
                       {child_type,worker}]

=PROGRESS REPORT==== 17-Jan-2023::14:48:35 ===
         application: sasl
          started_at: '1673966858@85-prefiks-23.01-cc4cacd'

=PROGRESS REPORT==== 17-Jan-2023::14:48:35 ===
         application: syntax_tools
          started_at: '1673966858@85-prefiks-23.01-cc4cacd'

=PROGRESS REPORT==== 17-Jan-2023::14:48:35 ===
         application: compiler
          started_at: '1673966858@85-prefiks-23.01-cc4cacd'

=PROGRESS REPORT==== 17-Jan-2023::14:48:35 ===
          supervisor: {local,gr_sup}
             started: [{pid,<0.24786.0>},
                       {id,gr_counter_sup},
                       {mfargs,{gr_counter_sup,start_link,[]}},
                       {restart_type,permanent},
                       {shutdown,5000},
                       {child_type,supervisor}]

=PROGRESS REPORT==== 17-Jan-2023::14:48:35 ===
          supervisor: {local,gr_sup}
             started: [{pid,<0.24787.0>},
                       {id,gr_param_sup},
                       {mfargs,{gr_param_sup,start_link,[]}},
                       {restart_type,permanent},
                       {shutdown,5000},
                       {child_type,supervisor}]

=PROGRESS REPORT==== 17-Jan-2023::14:48:35 ===
          supervisor: {local,gr_sup}
             started: [{pid,<0.24788.0>},
                       {id,gr_manager_sup},
                       {mfargs,{gr_manager_sup,start_link,[]}},
                       {restart_type,permanent},
                       {shutdown,5000},
                       {child_type,supervisor}]

=PROGRESS REPORT==== 17-Jan-2023::14:48:35 ===
         application: goldrush
          started_at: '1673966858@85-prefiks-23.01-cc4cacd'

=PROGRESS REPORT==== 17-Jan-2023::14:48:35 ===
          supervisor: {local,lager_sup}
             started: [{pid,<0.24793.0>},
                       {id,lager},
                       {mfargs,{gen_event,start_link,[{local,lager_event}]}},
                       {restart_type,permanent},
                       {shutdown,5000},
                       {child_type,worker}]

=PROGRESS REPORT==== 17-Jan-2023::14:48:35 ===
          supervisor: {local,lager_sup}
             started: [{pid,<0.24794.0>},
                       {id,lager_handler_watcher_sup},
                       {mfargs,{lager_handler_watcher_sup,start_link,[]}},
                       {restart_type,permanent},
                       {shutdown,5000},
                       {child_type,supervisor}]

=PROGRESS REPORT==== 17-Jan-2023::14:48:35 ===
          supervisor: {local,lager_sup}
             started: [{pid,<0.24795.0>},
                       {id,lager_crash_log},
                       {mfargs,
                           {lager_crash_log,start_link,
                               ["/home/runner/work/ejabberd/ejabberd/_build/test/logs/ct_run.1673966858@85-prefiks-23.01-cc4cacd.2023-01-17_14.48.34/lib.ejabberd.logs/run.2023-01-17_14.48.34/log_private/crash.log",
                                65536,10485760,undefined,1,
                                lager_rotator_default]}},
                       {restart_type,permanent},
                       {shutdown,5000},
                       {child_type,worker}]
