2022-01-12 15:04:53.372163+00:00 [info] <0.29639.0>@ejabberd_config:load/1:82 Loading configuration from /home/runner/work/ejabberd/ejabberd/_build/test/lib/ejabberd/test/ejabberd_SUITE_data/ejabberd.yml
2022-01-12 15:04:53.427585+00:00 [warning] <0.29639.0>@gen_mod:warn_soft_dep_fail/2:582 Module mod_client_state is recommended for module mod_push_keepalive but is not found in the config
2022-01-12 15:04:53.430540+00:00 [warning] <0.29639.0>@gen_mod:warn_soft_dep_fail/2:582 Module mod_client_state is recommended for module mod_push_keepalive but is not found in the config
2022-01-12 15:04:53.432810+00:00 [warning] <0.29639.0>@gen_mod:warn_soft_dep_fail/2:582 Module mod_last is recommended for module mod_configure but is not found in the config
2022-01-12 15:04:53.434581+00:00 [warning] <0.29639.0>@gen_mod:warn_soft_dep_fail/2:582 Module mod_client_state is recommended for module mod_push_keepalive but is not found in the config
2022-01-12 15:04:53.439466+00:00 [info] <0.29639.0>@ejabberd_config:load/1:89 Configuration loaded successfully
2022-01-12 15:04:54.069811+00:00 [info] <0.29757.0>@ejabberd_systemd:init/1:103 Got no NOTIFY_SOCKET, notifications disabled
2022-01-12 15:04:54.072569+00:00 [info] <0.29760.0>@translate:load/2:127 Building language translation cache
2022-01-12 15:04:54.221931+00:00 [info] <0.29709.0>@ejabberd_mnesia:create/2:267 Creating Mnesia ram table 'ejabberd_commands'
2022-01-12 15:04:54.255865+00:00 [info] <0.29709.0>@ejabberd_mnesia:create/2:267 Creating Mnesia ram table 'route'
2022-01-12 15:04:54.257915+00:00 [info] <0.29709.0>@ejabberd_mnesia:create/2:267 Creating Mnesia ram table 'route_multicast'
2022-01-12 15:04:54.265905+00:00 [info] <0.29709.0>@ejabberd_mnesia:create/2:267 Creating Mnesia ram table 'session'
2022-01-12 15:04:54.270589+00:00 [info] <0.29709.0>@ejabberd_mnesia:create/2:267 Creating Mnesia ram table 'session_counter'
2022-01-12 15:04:54.554676+00:00 [info] <0.29709.0>@ejabberd_mnesia:create/2:267 Creating Mnesia ram table 's2s'
2022-01-12 15:04:54.557101+00:00 [info] <0.29709.0>@ejabberd_mnesia:create/2:267 Creating Mnesia ram table 'temporarily_blocked'
2022-01-12 15:04:54.560403+00:00 [info] <0.29756.0>@gen_mod:start_modules/0:130 Loading modules for localhost, mnesia.localhost and 7 more hosts
2022-01-12 15:04:54.560623+00:00 [info] <0.29709.0>@ejabberd_mnesia:create/2:267 Creating Mnesia ram table 'mod_register_ip'
2022-01-12 15:04:54.562273+00:00 [warning] <0.29756.0>@mod_mam:start/2:99 Mnesia backend for mod_mam is not recommended: it's limited to 2GB and often gets corrupted when reaching this limit. SQL backend is recommended. Namely, for small servers SQLite is a preferred choice because it's very easy to configure.
2022-01-12 15:04:54.562502+00:00 [info] <0.29709.0>@ejabberd_mnesia:create/2:267 Creating Mnesia disc_only table 'archive_msg'
2022-01-12 15:04:54.564550+00:00 [info] <0.29709.0>@ejabberd_mnesia:create/2:267 Creating Mnesia disc_only table 'archive_prefs'
2022-01-12 15:04:54.577813+00:00 [info] <0.29709.0>@ejabberd_mnesia:create/2:267 Creating Mnesia disc table 'muc_room'
2022-01-12 15:04:54.580497+00:00 [info] <0.29709.0>@ejabberd_mnesia:create/2:267 Creating Mnesia disc table 'muc_registered'
2022-01-12 15:04:54.582708+00:00 [info] <0.29709.0>@ejabberd_mnesia:create/2:267 Creating Mnesia ram table 'muc_online_room'
2022-01-12 15:04:54.584575+00:00 [info] <0.29709.0>@ejabberd_mnesia:create/2:267 Creating Mnesia disc_only table 'motd'
2022-01-12 15:04:54.586635+00:00 [info] <0.29709.0>@ejabberd_mnesia:create/2:267 Creating Mnesia disc_only table 'motd_users'
2022-01-12 15:04:54.597730+00:00 [info] <0.29996.0>@mod_stun_disco:parse_listener/1:616 Going to offer STUN/TURN service: 203.0.113.3:3478 (udp)
2022-01-12 15:04:54.606410+00:00 [info] <0.29709.0>@ejabberd_mnesia:create/2:267 Creating Mnesia disc_only table 'last_activity'
2022-01-12 15:04:54.626471+00:00 [error] <0.30008.0>@ejabberd_listener:report_socket_error/3:470 Failed to open socket at 10.1.1.61:7777 for mod_proxy65_stream: can't assign requested address
2022-01-12 15:04:54.627178+00:00 [critical] <0.29756.0>@gen_mod:start_module/4:169 Failed to start module mod_proxy65: 
{error,
    {eaddrnotavail,
        {child,undefined,
            {7777,{10,1,1,61},tcp},
            {ejabberd_listener,start,
                [{7777,{10,1,1,61},tcp},
                 mod_proxy65_stream,
                 #{accept_interval => 0,access => all,auth_type => anonymous,
                   backlog => 5,host => <<"proxy.localhost">>,
                   hostname => undefined,hosts => [],
                   ip => {10,1,1,61},
                   max_connections => infinity,
                   name => <<"SOCKS5 Bytestreams">>,port => 7777,
                   ram_db_type => mnesia,recbuf => 65536,
                   send_timeout => 15000,server_host => <<"localhost">>,
                   shaper => none,sndbuf => 65536,supervisor => true,
                   transport => tcp,use_proxy_protocol => false,
                   vcard =>
                       {vcard_temp,<<"1.0">>,<<"Full Name">>,
                           {vcard_name,<<"Family">>,<<"Given">>,<<"Middle">>,
                               <<"Prefix">>,<<"Suffix">>},
                           <<"Nickname">>,
                           {vcard_photo,<<"image/png">>,
                               <<137,80,78,71,13,10,26,10,0,0,0,13,73,72,68,82,
                                 0,0,0,1,0,0,0,1,1,0,0,0,0,55,110,249,36,0,0,0,
                                 10,73,68,65,84,120,1,99,104,0,0,0,130,0,129,
                                 76,23,215,223,0,0,0,0,73,69,78,68,174,66,96,
                                 130>>,
                               <<"https://domain.tld/photo.png">>},
                           <<"2000-01-01">>,
                           [{vcard_adr,true,true,true,true,true,true,true,
                                <<"Pobox">>,<<"Extadd">>,<<"Street">>,
                                <<"Locality">>,<<"Region">>,<<"Pcode">>,
                                <<"Ctry">>}],
                           [{vcard_label,true,true,true,true,true,true,true,
                                [<<"Line1">>,<<"Line2">>]}],
                           [{vcard_tel,true,true,true,true,true,true,true,
                                true,true,true,true,true,true,
                                <<"+7-900-01-02">>}],
                           [{vcard_email,true,true,true,true,true,
                                <<"user@domain.tld">>}],
                           <<"user@domain.tld">>,<<"Mailer">>,<<"TZ">>,
                           {vcard_geo,<<"12.0">>,<<"21.0">>},
                           <<"Title">>,<<"Role">>,
                           {vcard_logo,<<"image/png">>,
                               <<137,80,78,71,13,10,26,10,0,0,0,13,73,72,68,82,
                                 0,0,0,1,0,0,0,1,1,0,0,0,0,55,110,249,36,0,0,0,
                                 10,73,68,65,84,120,1,99,104,0,0,0,130,0,129,
                                 76,23,215,223,0,0,0,0,73,69,78,68,174,66,96,
                                 130>>,
                               <<"https://domain.tld/logo.png">>},
                           undefined,
                           [<<"Cat1">>,<<"Cat2">>],
                           <<"Note">>,<<"ProdID">>,<<"Rev">>,<<"SortString">>,
                           {vcard_sound,<<"Phonetic">>,
                               <<137,80,78,71,13,10,26,10,0,0,0,13,73,72,68,82,
                                 0,0,0,1,0,0,0,1,1,0,0,0,0,55,110,249,36,0,0,0,
                                 10,73,68,65,84,120,1,99,104,0,0,0,130,0,129,
                                 76,23,215,223,0,0,0,0,73,69,78,68,174,66,96,
                                 130>>,
                               <<"https://domain.tld/sound.ogg">>},
                           <<"UID">>,<<"https://domain.tld">>,public,
                           {vcard_key,<<"Type">>,<<"Cred">>},
                           <<"Desc">>,[]}}]},
            transient,false,brutal_kill,worker,
            [ejabberd_listener]}}}
2022-01-12 15:04:54.627611+00:00 [critical] <0.29756.0>@gen_mod:maybe_halt_ejabberd/0:256 ejabberd initialization was aborted because a module start failed.
