2022-01-12 15:04:54.626471+00:00 [error] <0.30008.0>@ejabberd_listener:report_socket_error/3:470 Failed to open socket at 10.1.1.61:7777 for mod_proxy65_stream: can't assign requested address
2022-01-12 15:04:54.627178+00:00 [critical] <0.29756.0>@gen_mod:start_module/4:169 Failed to start module mod_proxy65: 
{error,
    {eaddrnotavail,
        {child,undefined,
            {7777,{10,1,1,61},tcp},
            {ejabberd_listener,start,
                [{7777,{10,1,1,61},tcp},
                 mod_proxy65_stream,
                 #{accept_interval => 0,access => all,auth_type => anonymous,
                   backlog => 5,host => <<"proxy.localhost">>,
                   hostname => undefined,hosts => [],
                   ip => {10,1,1,61},
                   max_connections => infinity,
                   name => <<"SOCKS5 Bytestreams">>,port => 7777,
                   ram_db_type => mnesia,recbuf => 65536,
                   send_timeout => 15000,server_host => <<"localhost">>,
                   shaper => none,sndbuf => 65536,supervisor => true,
                   transport => tcp,use_proxy_protocol => false,
                   vcard =>
                       {vcard_temp,<<"1.0">>,<<"Full Name">>,
                           {vcard_name,<<"Family">>,<<"Given">>,<<"Middle">>,
                               <<"Prefix">>,<<"Suffix">>},
                           <<"Nickname">>,
                           {vcard_photo,<<"image/png">>,
                               <<137,80,78,71,13,10,26,10,0,0,0,13,73,72,68,82,
                                 0,0,0,1,0,0,0,1,1,0,0,0,0,55,110,249,36,0,0,0,
                                 10,73,68,65,84,120,1,99,104,0,0,0,130,0,129,
                                 76,23,215,223,0,0,0,0,73,69,78,68,174,66,96,
                                 130>>,
                               <<"https://domain.tld/photo.png">>},
                           <<"2000-01-01">>,
                           [{vcard_adr,true,true,true,true,true,true,true,
                                <<"Pobox">>,<<"Extadd">>,<<"Street">>,
                                <<"Locality">>,<<"Region">>,<<"Pcode">>,
                                <<"Ctry">>}],
                           [{vcard_label,true,true,true,true,true,true,true,
                                [<<"Line1">>,<<"Line2">>]}],
                           [{vcard_tel,true,true,true,true,true,true,true,
                                true,true,true,true,true,true,
                                <<"+7-900-01-02">>}],
                           [{vcard_email,true,true,true,true,true,
                                <<"user@domain.tld">>}],
                           <<"user@domain.tld">>,<<"Mailer">>,<<"TZ">>,
                           {vcard_geo,<<"12.0">>,<<"21.0">>},
                           <<"Title">>,<<"Role">>,
                           {vcard_logo,<<"image/png">>,
                               <<137,80,78,71,13,10,26,10,0,0,0,13,73,72,68,82,
                                 0,0,0,1,0,0,0,1,1,0,0,0,0,55,110,249,36,0,0,0,
                                 10,73,68,65,84,120,1,99,104,0,0,0,130,0,129,
                                 76,23,215,223,0,0,0,0,73,69,78,68,174,66,96,
                                 130>>,
                               <<"https://domain.tld/logo.png">>},
                           undefined,
                           [<<"Cat1">>,<<"Cat2">>],
                           <<"Note">>,<<"ProdID">>,<<"Rev">>,<<"SortString">>,
                           {vcard_sound,<<"Phonetic">>,
                               <<137,80,78,71,13,10,26,10,0,0,0,13,73,72,68,82,
                                 0,0,0,1,0,0,0,1,1,0,0,0,0,55,110,249,36,0,0,0,
                                 10,73,68,65,84,120,1,99,104,0,0,0,130,0,129,
                                 76,23,215,223,0,0,0,0,73,69,78,68,174,66,96,
                                 130>>,
                               <<"https://domain.tld/sound.ogg">>},
                           <<"UID">>,<<"https://domain.tld">>,public,
                           {vcard_key,<<"Type">>,<<"Cred">>},
                           <<"Desc">>,[]}}]},
            transient,false,brutal_kill,worker,
            [ejabberd_listener]}}}
2022-01-12 15:04:54.627611+00:00 [critical] <0.29756.0>@gen_mod:maybe_halt_ejabberd/0:256 ejabberd initialization was aborted because a module start failed.
