
=PROGRESS REPORT==== 16-Jan-2023::15:50:28 ===
          supervisor: {local,sasl_safe_sup}
             started: [{pid,<0.24828.0>},
                       {id,alarm_handler},
                       {mfargs,{alarm_handler,start_link,[]}},
                       {restart_type,permanent},
                       {shutdown,2000},
                       {child_type,worker}]

=PROGRESS REPORT==== 16-Jan-2023::15:50:28 ===
          supervisor: {local,sasl_sup}
             started: [{pid,<0.24827.0>},
                       {id,sasl_safe_sup},
                       {mfargs,
                           {supervisor,start_link,
                               [{local,sasl_safe_sup},sasl,safe]}},
                       {restart_type,permanent},
                       {shutdown,infinity},
                       {child_type,supervisor}]

=PROGRESS REPORT==== 16-Jan-2023::15:50:28 ===
          supervisor: {local,sasl_sup}
             started: [{pid,<0.24829.0>},
                       {id,release_handler},
                       {mfargs,{release_handler,start_link,[]}},
                       {restart_type,permanent},
                       {shutdown,2000},
                       {child_type,worker}]

=PROGRESS REPORT==== 16-Jan-2023::15:50:28 ===
         application: sasl
          started_at: '1673884163@81-prefiks-master-4566c82'

=PROGRESS REPORT==== 16-Jan-2023::15:50:28 ===
         application: syntax_tools
          started_at: '1673884163@81-prefiks-master-4566c82'

=PROGRESS REPORT==== 16-Jan-2023::15:50:28 ===
         application: compiler
          started_at: '1673884163@81-prefiks-master-4566c82'

=PROGRESS REPORT==== 16-Jan-2023::15:50:28 ===
          supervisor: {local,gr_sup}
             started: [{pid,<0.24840.0>},
                       {id,gr_counter_sup},
                       {mfargs,{gr_counter_sup,start_link,[]}},
                       {restart_type,permanent},
                       {shutdown,5000},
                       {child_type,supervisor}]

=PROGRESS REPORT==== 16-Jan-2023::15:50:28 ===
          supervisor: {local,gr_sup}
             started: [{pid,<0.24841.0>},
                       {id,gr_param_sup},
                       {mfargs,{gr_param_sup,start_link,[]}},
                       {restart_type,permanent},
                       {shutdown,5000},
                       {child_type,supervisor}]

=PROGRESS REPORT==== 16-Jan-2023::15:50:28 ===
          supervisor: {local,gr_sup}
             started: [{pid,<0.24842.0>},
                       {id,gr_manager_sup},
                       {mfargs,{gr_manager_sup,start_link,[]}},
                       {restart_type,permanent},
                       {shutdown,5000},
                       {child_type,supervisor}]

=PROGRESS REPORT==== 16-Jan-2023::15:50:28 ===
         application: goldrush
          started_at: '1673884163@81-prefiks-master-4566c82'

=PROGRESS REPORT==== 16-Jan-2023::15:50:28 ===
          supervisor: {local,lager_sup}
             started: [{pid,<0.24847.0>},
                       {id,lager},
                       {mfargs,{gen_event,start_link,[{local,lager_event}]}},
                       {restart_type,permanent},
                       {shutdown,5000},
                       {child_type,worker}]

=PROGRESS REPORT==== 16-Jan-2023::15:50:28 ===
          supervisor: {local,lager_sup}
             started: [{pid,<0.24848.0>},
                       {id,lager_handler_watcher_sup},
                       {mfargs,{lager_handler_watcher_sup,start_link,[]}},
                       {restart_type,permanent},
                       {shutdown,5000},
                       {child_type,supervisor}]

=PROGRESS REPORT==== 16-Jan-2023::15:50:28 ===
          supervisor: {local,lager_sup}
             started: [{pid,<0.24849.0>},
                       {id,lager_crash_log},
                       {mfargs,
                           {lager_crash_log,start_link,
                               ["/home/runner/work/ejabberd/ejabberd/_build/test/logs/ct_run.1673884163@81-prefiks-master-4566c82.2023-01-16_15.50.27/lib.ejabberd.logs/run.2023-01-16_15.50.27/log_private/crash.log",
                                65536,10485760,undefined,1,
                                lager_rotator_default]}},
                       {restart_type,permanent},
                       {shutdown,5000},
                       {child_type,worker}]
