2022-02-03 18:26:40.592128+00:00 [info] <0.29623.0>@ejabberd_config:load/1:82 Loading configuration from /home/runner/work/ejabberd/ejabberd/_build/test/lib/ejabberd/test/ejabberd_SUITE_data/ejabberd.yml
2022-02-03 18:26:40.630772+00:00 [warning] <0.29623.0>@gen_mod:warn_soft_dep_fail/2:582 Module mod_client_state is recommended for module mod_push_keepalive but is not found in the config
2022-02-03 18:26:40.632812+00:00 [warning] <0.29623.0>@gen_mod:warn_soft_dep_fail/2:582 Module mod_client_state is recommended for module mod_push_keepalive but is not found in the config
2022-02-03 18:26:40.634686+00:00 [warning] <0.29623.0>@gen_mod:warn_soft_dep_fail/2:582 Module mod_client_state is recommended for module mod_push_keepalive but is not found in the config
2022-02-03 18:26:40.637175+00:00 [warning] <0.29623.0>@gen_mod:warn_soft_dep_fail/2:582 Module mod_last is recommended for module mod_configure but is not found in the config
2022-02-03 18:26:40.639090+00:00 [warning] <0.29623.0>@gen_mod:warn_soft_dep_fail/2:582 Module mod_client_state is recommended for module mod_push_keepalive but is not found in the config
2022-02-03 18:26:40.644279+00:00 [info] <0.29623.0>@ejabberd_config:load/1:89 Configuration loaded successfully
2022-02-03 18:26:40.873782+00:00 [info] <0.29742.0>@ejabberd_systemd:init/1:103 Got no NOTIFY_SOCKET, notifications disabled
2022-02-03 18:26:40.875221+00:00 [info] <0.29745.0>@translate:load/2:127 Building language translation cache
2022-02-03 18:26:41.019627+00:00 [info] <0.29694.0>@ejabberd_mnesia:create/2:267 Creating Mnesia ram table 'ejabberd_commands'
2022-02-03 18:26:41.049202+00:00 [info] <0.29694.0>@ejabberd_mnesia:create/2:267 Creating Mnesia ram table 'route'
2022-02-03 18:26:41.051098+00:00 [info] <0.29694.0>@ejabberd_mnesia:create/2:267 Creating Mnesia ram table 'route_multicast'
2022-02-03 18:26:41.058428+00:00 [info] <0.29694.0>@ejabberd_mnesia:create/2:267 Creating Mnesia ram table 'session'
2022-02-03 18:26:41.062798+00:00 [info] <0.29694.0>@ejabberd_mnesia:create/2:267 Creating Mnesia ram table 'session_counter'
2022-02-03 18:26:41.310135+00:00 [warning] <0.29898.0>@ejabberd_sql:handle_reconnect/2:472 mssql connection failed:
** Reason: {"01000",0,
            "[unixODBC][Driver Manager]Can't open lib 'libtdsodbc.so' : file not found Connection to database failed."}
** Retry after: 30 seconds
2022-02-03 18:27:11.315169+00:00 [warning] <0.29898.0>@ejabberd_sql:handle_reconnect/2:472 mssql connection failed:
** Reason: {"01000",0,
            "[unixODBC][Driver Manager]Can't open lib 'libtdsodbc.so' : file not found Connection to database failed."}
** Retry after: 30 seconds
2022-02-03 18:27:41.178226+00:00 [error] <0.29848.0>@ejabberd_sm_sql:init/0:56 Failed to clean 'sm' table: {error,timeout}
2022-02-03 18:27:41.178540+00:00 [error] <0.29741.0>@supervisor:start_children/2:392 SUPERVISOR REPORT:
    supervisor: {local,ejabberd_sup}
    errorContext: start_error
    reason: db_failure
    offender: [{pid,undefined},
               {id,ejabberd_sm},
               {mfargs,{ejabberd_sm,start_link,[]}},
               {restart_type,permanent},
               {significant,false},
               {shutdown,60000},
               {child_type,worker}]

2022-02-03 18:27:41.178771+00:00 [error] <0.29848.0>@proc_lib:crash_report/4:525 CRASH REPORT:
  crasher:
    initial call: ejabberd_sm:init/1
    pid: <0.29848.0>
    registered_name: []
    exception exit: db_failure
      in function  gen_server:init_it/6 (gen_server.erl, line 407)
    ancestors: [ejabberd_sup,<0.29623.0>]
    message_queue_len: 0
    messages: []
    links: [<0.29741.0>]
    dictionary: []
    trap_exit: true
    status: running
    heap_size: 6772
    stack_size: 29
    reductions: 4564
  neighbours:

2022-02-03 18:27:41.193908+00:00 [critical] <0.29623.0>@ejabberd_app:start/2:68 Failed to start ejabberd application: {error,
                                       {shutdown,
                                        {failed_to_start_child,ejabberd_sm,
                                         db_failure}}}
