
=PROGRESS REPORT==== 27-Dec-2023::06:52:28 ===
          supervisor: {local,sasl_safe_sup}
             started: [{pid,<0.25185.0>},
                       {id,alarm_handler},
                       {mfargs,{alarm_handler,start_link,[]}},
                       {restart_type,permanent},
                       {shutdown,2000},
                       {child_type,worker}]

=PROGRESS REPORT==== 27-Dec-2023::06:52:28 ===
          supervisor: {local,sasl_sup}
             started: [{pid,<0.25184.0>},
                       {id,sasl_safe_sup},
                       {mfargs,
                           {supervisor,start_link,
                               [{local,sasl_safe_sup},sasl,safe]}},
                       {restart_type,permanent},
                       {shutdown,infinity},
                       {child_type,supervisor}]

=PROGRESS REPORT==== 27-Dec-2023::06:52:28 ===
          supervisor: {local,sasl_sup}
             started: [{pid,<0.25186.0>},
                       {id,release_handler},
                       {mfargs,{release_handler,start_link,[]}},
                       {restart_type,permanent},
                       {shutdown,2000},
                       {child_type,worker}]

=PROGRESS REPORT==== 27-Dec-2023::06:52:28 ===
         application: sasl
          started_at: '1703659903@645-alexeyshch-master-8d2d3a6'

=PROGRESS REPORT==== 27-Dec-2023::06:52:28 ===
         application: syntax_tools
          started_at: '1703659903@645-alexeyshch-master-8d2d3a6'

=PROGRESS REPORT==== 27-Dec-2023::06:52:28 ===
         application: compiler
          started_at: '1703659903@645-alexeyshch-master-8d2d3a6'

=PROGRESS REPORT==== 27-Dec-2023::06:52:28 ===
          supervisor: {local,gr_sup}
             started: [{pid,<0.25201.0>},
                       {id,gr_counter_sup},
                       {mfargs,{gr_counter_sup,start_link,[]}},
                       {restart_type,permanent},
                       {shutdown,5000},
                       {child_type,supervisor}]

=PROGRESS REPORT==== 27-Dec-2023::06:52:28 ===
          supervisor: {local,gr_sup}
             started: [{pid,<0.25203.0>},
                       {id,gr_param_sup},
                       {mfargs,{gr_param_sup,start_link,[]}},
                       {restart_type,permanent},
                       {shutdown,5000},
                       {child_type,supervisor}]

=PROGRESS REPORT==== 27-Dec-2023::06:52:28 ===
          supervisor: {local,gr_sup}
             started: [{pid,<0.25205.0>},
                       {id,gr_manager_sup},
                       {mfargs,{gr_manager_sup,start_link,[]}},
                       {restart_type,permanent},
                       {shutdown,5000},
                       {child_type,supervisor}]

=PROGRESS REPORT==== 27-Dec-2023::06:52:28 ===
         application: goldrush
          started_at: '1703659903@645-alexeyshch-master-8d2d3a6'

=PROGRESS REPORT==== 27-Dec-2023::06:52:28 ===
          supervisor: {local,lager_sup}
             started: [{pid,<0.25212.0>},
                       {id,lager},
                       {mfargs,{gen_event,start_link,[{local,lager_event}]}},
                       {restart_type,permanent},
                       {shutdown,5000},
                       {child_type,worker}]

=PROGRESS REPORT==== 27-Dec-2023::06:52:28 ===
          supervisor: {local,lager_sup}
             started: [{pid,<0.25214.0>},
                       {id,lager_handler_watcher_sup},
                       {mfargs,{lager_handler_watcher_sup,start_link,[]}},
                       {restart_type,permanent},
                       {shutdown,5000},
                       {child_type,supervisor}]

=PROGRESS REPORT==== 27-Dec-2023::06:52:28 ===
          supervisor: {local,lager_sup}
             started: [{pid,<0.25216.0>},
                       {id,lager_crash_log},
                       {mfargs,
                           {lager_crash_log,start_link,
                               ["/home/runner/work/ejabberd/ejabberd/_build/test/logs/ct_run.1703659903@645-alexeyshch-master-8d2d3a6.2023-12-27_06.52.27/lib.ejabberd.logs/run.2023-12-27_06.52.28/log_private/crash.log",
                                65536,10485760,undefined,1,
                                lager_rotator_default]}},
                       {restart_type,permanent},
                       {shutdown,5000},
                       {child_type,worker}]
