
=PROGRESS REPORT==== 24-Apr-2023::12:03:00 ===
          supervisor: {local,sasl_safe_sup}
             started: [{pid,<0.24958.0>},
                       {id,alarm_handler},
                       {mfargs,{alarm_handler,start_link,[]}},
                       {restart_type,permanent},
                       {shutdown,2000},
                       {child_type,worker}]

=PROGRESS REPORT==== 24-Apr-2023::12:03:00 ===
          supervisor: {local,sasl_sup}
             started: [{pid,<0.24957.0>},
                       {id,sasl_safe_sup},
                       {mfargs,
                           {supervisor,start_link,
                               [{local,sasl_safe_sup},sasl,safe]}},
                       {restart_type,permanent},
                       {shutdown,infinity},
                       {child_type,supervisor}]

=PROGRESS REPORT==== 24-Apr-2023::12:03:00 ===
          supervisor: {local,sasl_sup}
             started: [{pid,<0.24959.0>},
                       {id,release_handler},
                       {mfargs,{release_handler,start_link,[]}},
                       {restart_type,permanent},
                       {shutdown,2000},
                       {child_type,worker}]

=PROGRESS REPORT==== 24-Apr-2023::12:03:00 ===
         application: sasl
          started_at: '1682337701@513-badlop-master-2a4a6be'

=PROGRESS REPORT==== 24-Apr-2023::12:03:00 ===
         application: syntax_tools
          started_at: '1682337701@513-badlop-master-2a4a6be'

=PROGRESS REPORT==== 24-Apr-2023::12:03:00 ===
         application: compiler
          started_at: '1682337701@513-badlop-master-2a4a6be'

=PROGRESS REPORT==== 24-Apr-2023::12:03:00 ===
          supervisor: {local,gr_sup}
             started: [{pid,<0.24974.0>},
                       {id,gr_counter_sup},
                       {mfargs,{gr_counter_sup,start_link,[]}},
                       {restart_type,permanent},
                       {shutdown,5000},
                       {child_type,supervisor}]

=PROGRESS REPORT==== 24-Apr-2023::12:03:00 ===
          supervisor: {local,gr_sup}
             started: [{pid,<0.24976.0>},
                       {id,gr_param_sup},
                       {mfargs,{gr_param_sup,start_link,[]}},
                       {restart_type,permanent},
                       {shutdown,5000},
                       {child_type,supervisor}]

=PROGRESS REPORT==== 24-Apr-2023::12:03:00 ===
          supervisor: {local,gr_sup}
             started: [{pid,<0.24978.0>},
                       {id,gr_manager_sup},
                       {mfargs,{gr_manager_sup,start_link,[]}},
                       {restart_type,permanent},
                       {shutdown,5000},
                       {child_type,supervisor}]

=PROGRESS REPORT==== 24-Apr-2023::12:03:00 ===
         application: goldrush
          started_at: '1682337701@513-badlop-master-2a4a6be'

=PROGRESS REPORT==== 24-Apr-2023::12:03:00 ===
          supervisor: {local,lager_sup}
             started: [{pid,<0.24985.0>},
                       {id,lager},
                       {mfargs,{gen_event,start_link,[{local,lager_event}]}},
                       {restart_type,permanent},
                       {shutdown,5000},
                       {child_type,worker}]

=PROGRESS REPORT==== 24-Apr-2023::12:03:00 ===
          supervisor: {local,lager_sup}
             started: [{pid,<0.24987.0>},
                       {id,lager_handler_watcher_sup},
                       {mfargs,{lager_handler_watcher_sup,start_link,[]}},
                       {restart_type,permanent},
                       {shutdown,5000},
                       {child_type,supervisor}]

=PROGRESS REPORT==== 24-Apr-2023::12:03:00 ===
          supervisor: {local,lager_sup}
             started: [{pid,<0.24989.0>},
                       {id,lager_crash_log},
                       {mfargs,
                           {lager_crash_log,start_link,
                               ["/home/runner/work/ejabberd/ejabberd/_build/test/logs/ct_run.1682337701@513-badlop-master-2a4a6be.2023-04-24_12.02.58/lib.ejabberd.logs/run.2023-04-24_12.02.59/log_private/crash.log",
                                65536,10485760,undefined,1,
                                lager_rotator_default]}},
                       {restart_type,permanent},
                       {shutdown,5000},
                       {child_type,worker}]
