
=PROGRESS REPORT==== 17-Jan-2023::11:27:38 ===
          supervisor: {local,sasl_safe_sup}
             started: [{pid,<0.24780.0>},
                       {id,alarm_handler},
                       {mfargs,{alarm_handler,start_link,[]}},
                       {restart_type,permanent},
                       {shutdown,2000},
                       {child_type,worker}]

=PROGRESS REPORT==== 17-Jan-2023::11:27:38 ===
          supervisor: {local,sasl_sup}
             started: [{pid,<0.24779.0>},
                       {id,sasl_safe_sup},
                       {mfargs,
                           {supervisor,start_link,
                               [{local,sasl_safe_sup},sasl,safe]}},
                       {restart_type,permanent},
                       {shutdown,infinity},
                       {child_type,supervisor}]

=PROGRESS REPORT==== 17-Jan-2023::11:27:38 ===
          supervisor: {local,sasl_sup}
             started: [{pid,<0.24781.0>},
                       {id,release_handler},
                       {mfargs,{release_handler,start_link,[]}},
                       {restart_type,permanent},
                       {shutdown,2000},
                       {child_type,worker}]

=PROGRESS REPORT==== 17-Jan-2023::11:27:38 ===
         application: sasl
          started_at: '1673954803@463-prefiks-master-cc4cacd'

=PROGRESS REPORT==== 17-Jan-2023::11:27:38 ===
         application: syntax_tools
          started_at: '1673954803@463-prefiks-master-cc4cacd'

=PROGRESS REPORT==== 17-Jan-2023::11:27:38 ===
         application: compiler
          started_at: '1673954803@463-prefiks-master-cc4cacd'

=PROGRESS REPORT==== 17-Jan-2023::11:27:38 ===
          supervisor: {local,gr_sup}
             started: [{pid,<0.24792.0>},
                       {id,gr_counter_sup},
                       {mfargs,{gr_counter_sup,start_link,[]}},
                       {restart_type,permanent},
                       {shutdown,5000},
                       {child_type,supervisor}]

=PROGRESS REPORT==== 17-Jan-2023::11:27:38 ===
          supervisor: {local,gr_sup}
             started: [{pid,<0.24793.0>},
                       {id,gr_param_sup},
                       {mfargs,{gr_param_sup,start_link,[]}},
                       {restart_type,permanent},
                       {shutdown,5000},
                       {child_type,supervisor}]

=PROGRESS REPORT==== 17-Jan-2023::11:27:38 ===
          supervisor: {local,gr_sup}
             started: [{pid,<0.24794.0>},
                       {id,gr_manager_sup},
                       {mfargs,{gr_manager_sup,start_link,[]}},
                       {restart_type,permanent},
                       {shutdown,5000},
                       {child_type,supervisor}]

=PROGRESS REPORT==== 17-Jan-2023::11:27:38 ===
         application: goldrush
          started_at: '1673954803@463-prefiks-master-cc4cacd'

=PROGRESS REPORT==== 17-Jan-2023::11:27:38 ===
          supervisor: {local,lager_sup}
             started: [{pid,<0.24799.0>},
                       {id,lager},
                       {mfargs,{gen_event,start_link,[{local,lager_event}]}},
                       {restart_type,permanent},
                       {shutdown,5000},
                       {child_type,worker}]

=PROGRESS REPORT==== 17-Jan-2023::11:27:38 ===
          supervisor: {local,lager_sup}
             started: [{pid,<0.24800.0>},
                       {id,lager_handler_watcher_sup},
                       {mfargs,{lager_handler_watcher_sup,start_link,[]}},
                       {restart_type,permanent},
                       {shutdown,5000},
                       {child_type,supervisor}]

=PROGRESS REPORT==== 17-Jan-2023::11:27:38 ===
          supervisor: {local,lager_sup}
             started: [{pid,<0.24801.0>},
                       {id,lager_crash_log},
                       {mfargs,
                           {lager_crash_log,start_link,
                               ["/home/runner/work/ejabberd/ejabberd/_build/test/logs/ct_run.1673954803@463-prefiks-master-cc4cacd.2023-01-17_11.27.37/lib.ejabberd.logs/run.2023-01-17_11.27.38/log_private/crash.log",
                                65536,10485760,undefined,1,
                                lager_rotator_default]}},
                       {restart_type,permanent},
                       {shutdown,5000},
                       {child_type,worker}]
