
=PROGRESS REPORT==== 1-Feb-2023::11:14:45 ===
          supervisor: {local,sasl_safe_sup}
             started: [{pid,<0.24917.0>},
                       {id,alarm_handler},
                       {mfargs,{alarm_handler,start_link,[]}},
                       {restart_type,permanent},
                       {shutdown,2000},
                       {child_type,worker}]

=PROGRESS REPORT==== 1-Feb-2023::11:14:45 ===
          supervisor: {local,sasl_sup}
             started: [{pid,<0.24916.0>},
                       {id,sasl_safe_sup},
                       {mfargs,
                           {supervisor,start_link,
                               [{local,sasl_safe_sup},sasl,safe]}},
                       {restart_type,permanent},
                       {shutdown,infinity},
                       {child_type,supervisor}]

=PROGRESS REPORT==== 1-Feb-2023::11:14:45 ===
          supervisor: {local,sasl_sup}
             started: [{pid,<0.24918.0>},
                       {id,release_handler},
                       {mfargs,{release_handler,start_link,[]}},
                       {restart_type,permanent},
                       {shutdown,2000},
                       {child_type,worker}]

=PROGRESS REPORT==== 1-Feb-2023::11:14:45 ===
         application: sasl
          started_at: '1675250019@102-prefiks-master-74c9aa8'

=PROGRESS REPORT==== 1-Feb-2023::11:14:45 ===
         application: syntax_tools
          started_at: '1675250019@102-prefiks-master-74c9aa8'

=PROGRESS REPORT==== 1-Feb-2023::11:14:45 ===
         application: compiler
          started_at: '1675250019@102-prefiks-master-74c9aa8'

=PROGRESS REPORT==== 1-Feb-2023::11:14:45 ===
          supervisor: {local,gr_sup}
             started: [{pid,<0.24929.0>},
                       {id,gr_counter_sup},
                       {mfargs,{gr_counter_sup,start_link,[]}},
                       {restart_type,permanent},
                       {shutdown,5000},
                       {child_type,supervisor}]

=PROGRESS REPORT==== 1-Feb-2023::11:14:45 ===
          supervisor: {local,gr_sup}
             started: [{pid,<0.24930.0>},
                       {id,gr_param_sup},
                       {mfargs,{gr_param_sup,start_link,[]}},
                       {restart_type,permanent},
                       {shutdown,5000},
                       {child_type,supervisor}]

=PROGRESS REPORT==== 1-Feb-2023::11:14:45 ===
          supervisor: {local,gr_sup}
             started: [{pid,<0.24931.0>},
                       {id,gr_manager_sup},
                       {mfargs,{gr_manager_sup,start_link,[]}},
                       {restart_type,permanent},
                       {shutdown,5000},
                       {child_type,supervisor}]

=PROGRESS REPORT==== 1-Feb-2023::11:14:45 ===
         application: goldrush
          started_at: '1675250019@102-prefiks-master-74c9aa8'

=PROGRESS REPORT==== 1-Feb-2023::11:14:45 ===
          supervisor: {local,lager_sup}
             started: [{pid,<0.24936.0>},
                       {id,lager},
                       {mfargs,{gen_event,start_link,[{local,lager_event}]}},
                       {restart_type,permanent},
                       {shutdown,5000},
                       {child_type,worker}]

=PROGRESS REPORT==== 1-Feb-2023::11:14:45 ===
          supervisor: {local,lager_sup}
             started: [{pid,<0.24937.0>},
                       {id,lager_handler_watcher_sup},
                       {mfargs,{lager_handler_watcher_sup,start_link,[]}},
                       {restart_type,permanent},
                       {shutdown,5000},
                       {child_type,supervisor}]

=PROGRESS REPORT==== 1-Feb-2023::11:14:45 ===
          supervisor: {local,lager_sup}
             started: [{pid,<0.24938.0>},
                       {id,lager_crash_log},
                       {mfargs,
                           {lager_crash_log,start_link,
                               ["/home/runner/work/ejabberd/ejabberd/_build/test/logs/ct_run.1675250019@102-prefiks-master-74c9aa8.2023-02-01_11.14.44/lib.ejabberd.logs/run.2023-02-01_11.14.45/log_private/crash.log",
                                65536,10485760,undefined,1,
                                lager_rotator_default]}},
                       {restart_type,permanent},
                       {shutdown,5000},
                       {child_type,worker}]
