
=PROGRESS REPORT==== 13-Sep-2022::16:07:36 ===
          supervisor: {local,sasl_safe_sup}
             started: [{pid,<0.24547.0>},
                       {id,alarm_handler},
                       {mfargs,{alarm_handler,start_link,[]}},
                       {restart_type,permanent},
                       {shutdown,2000},
                       {child_type,worker}]

=PROGRESS REPORT==== 13-Sep-2022::16:07:36 ===
          supervisor: {local,sasl_sup}
             started: [{pid,<0.24546.0>},
                       {id,sasl_safe_sup},
                       {mfargs,
                           {supervisor,start_link,
                               [{local,sasl_safe_sup},sasl,safe]}},
                       {restart_type,permanent},
                       {shutdown,infinity},
                       {child_type,supervisor}]

=PROGRESS REPORT==== 13-Sep-2022::16:07:36 ===
          supervisor: {local,sasl_sup}
             started: [{pid,<0.24548.0>},
                       {id,release_handler},
                       {mfargs,{release_handler,start_link,[]}},
                       {restart_type,permanent},
                       {shutdown,2000},
                       {child_type,worker}]

=PROGRESS REPORT==== 13-Sep-2022::16:07:36 ===
         application: sasl
          started_at: '1663085185@394-badlop-master-5ee1dc9'

=PROGRESS REPORT==== 13-Sep-2022::16:07:36 ===
         application: syntax_tools
          started_at: '1663085185@394-badlop-master-5ee1dc9'

=PROGRESS REPORT==== 13-Sep-2022::16:07:36 ===
         application: compiler
          started_at: '1663085185@394-badlop-master-5ee1dc9'

=PROGRESS REPORT==== 13-Sep-2022::16:07:36 ===
          supervisor: {local,gr_sup}
             started: [{pid,<0.24559.0>},
                       {id,gr_counter_sup},
                       {mfargs,{gr_counter_sup,start_link,[]}},
                       {restart_type,permanent},
                       {shutdown,5000},
                       {child_type,supervisor}]

=PROGRESS REPORT==== 13-Sep-2022::16:07:36 ===
          supervisor: {local,gr_sup}
             started: [{pid,<0.24560.0>},
                       {id,gr_param_sup},
                       {mfargs,{gr_param_sup,start_link,[]}},
                       {restart_type,permanent},
                       {shutdown,5000},
                       {child_type,supervisor}]

=PROGRESS REPORT==== 13-Sep-2022::16:07:36 ===
          supervisor: {local,gr_sup}
             started: [{pid,<0.24561.0>},
                       {id,gr_manager_sup},
                       {mfargs,{gr_manager_sup,start_link,[]}},
                       {restart_type,permanent},
                       {shutdown,5000},
                       {child_type,supervisor}]

=PROGRESS REPORT==== 13-Sep-2022::16:07:36 ===
         application: goldrush
          started_at: '1663085185@394-badlop-master-5ee1dc9'

=PROGRESS REPORT==== 13-Sep-2022::16:07:36 ===
          supervisor: {local,lager_sup}
             started: [{pid,<0.24566.0>},
                       {id,lager},
                       {mfargs,{gen_event,start_link,[{local,lager_event}]}},
                       {restart_type,permanent},
                       {shutdown,5000},
                       {child_type,worker}]

=PROGRESS REPORT==== 13-Sep-2022::16:07:36 ===
          supervisor: {local,lager_sup}
             started: [{pid,<0.24567.0>},
                       {id,lager_handler_watcher_sup},
                       {mfargs,{lager_handler_watcher_sup,start_link,[]}},
                       {restart_type,permanent},
                       {shutdown,5000},
                       {child_type,supervisor}]

=PROGRESS REPORT==== 13-Sep-2022::16:07:36 ===
          supervisor: {local,lager_sup}
             started: [{pid,<0.24568.0>},
                       {id,lager_crash_log},
                       {mfargs,
                           {lager_crash_log,start_link,
                               ["/home/runner/work/ejabberd/ejabberd/_build/test/logs/ct_run.1663085185@394-badlop-master-5ee1dc9.2022-09-13_16.07.35/lib.ejabberd.logs/run.2022-09-13_16.07.35/log_private/crash.log",
                                65536,10485760,undefined,1,
                                lager_rotator_default]}},
                       {restart_type,permanent},
                       {shutdown,5000},
                       {child_type,worker}]
