
=PROGRESS REPORT==== 17-Oct-2023::14:33:23 ===
          supervisor: {local,sasl_safe_sup}
             started: [{pid,<0.25160.0>},
                       {id,alarm_handler},
                       {mfargs,{alarm_handler,start_link,[]}},
                       {restart_type,permanent},
                       {shutdown,2000},
                       {child_type,worker}]

=PROGRESS REPORT==== 17-Oct-2023::14:33:23 ===
          supervisor: {local,sasl_sup}
             started: [{pid,<0.25159.0>},
                       {id,sasl_safe_sup},
                       {mfargs,
                           {supervisor,start_link,
                               [{local,sasl_safe_sup},sasl,safe]}},
                       {restart_type,permanent},
                       {shutdown,infinity},
                       {child_type,supervisor}]

=PROGRESS REPORT==== 17-Oct-2023::14:33:23 ===
          supervisor: {local,sasl_sup}
             started: [{pid,<0.25161.0>},
                       {id,release_handler},
                       {mfargs,{release_handler,start_link,[]}},
                       {restart_type,permanent},
                       {shutdown,2000},
                       {child_type,worker}]

=PROGRESS REPORT==== 17-Oct-2023::14:33:23 ===
         application: sasl
          started_at: '1697553143@603-badlop-23.10-543404b'

=PROGRESS REPORT==== 17-Oct-2023::14:33:23 ===
         application: syntax_tools
          started_at: '1697553143@603-badlop-23.10-543404b'

=PROGRESS REPORT==== 17-Oct-2023::14:33:23 ===
         application: compiler
          started_at: '1697553143@603-badlop-23.10-543404b'

=PROGRESS REPORT==== 17-Oct-2023::14:33:23 ===
          supervisor: {local,gr_sup}
             started: [{pid,<0.25176.0>},
                       {id,gr_counter_sup},
                       {mfargs,{gr_counter_sup,start_link,[]}},
                       {restart_type,permanent},
                       {shutdown,5000},
                       {child_type,supervisor}]

=PROGRESS REPORT==== 17-Oct-2023::14:33:24 ===
          supervisor: {local,gr_sup}
             started: [{pid,<0.25178.0>},
                       {id,gr_param_sup},
                       {mfargs,{gr_param_sup,start_link,[]}},
                       {restart_type,permanent},
                       {shutdown,5000},
                       {child_type,supervisor}]

=PROGRESS REPORT==== 17-Oct-2023::14:33:24 ===
          supervisor: {local,gr_sup}
             started: [{pid,<0.25180.0>},
                       {id,gr_manager_sup},
                       {mfargs,{gr_manager_sup,start_link,[]}},
                       {restart_type,permanent},
                       {shutdown,5000},
                       {child_type,supervisor}]

=PROGRESS REPORT==== 17-Oct-2023::14:33:24 ===
         application: goldrush
          started_at: '1697553143@603-badlop-23.10-543404b'

=PROGRESS REPORT==== 17-Oct-2023::14:33:24 ===
          supervisor: {local,lager_sup}
             started: [{pid,<0.25187.0>},
                       {id,lager},
                       {mfargs,{gen_event,start_link,[{local,lager_event}]}},
                       {restart_type,permanent},
                       {shutdown,5000},
                       {child_type,worker}]

=PROGRESS REPORT==== 17-Oct-2023::14:33:24 ===
          supervisor: {local,lager_sup}
             started: [{pid,<0.25189.0>},
                       {id,lager_handler_watcher_sup},
                       {mfargs,{lager_handler_watcher_sup,start_link,[]}},
                       {restart_type,permanent},
                       {shutdown,5000},
                       {child_type,supervisor}]

=PROGRESS REPORT==== 17-Oct-2023::14:33:24 ===
          supervisor: {local,lager_sup}
             started: [{pid,<0.25190.0>},
                       {id,lager_crash_log},
                       {mfargs,
                           {lager_crash_log,start_link,
                               ["/home/runner/work/ejabberd/ejabberd/_build/test/logs/ct_run.1697553143@603-badlop-23.10-543404b.2023-10-17_14.33.23/lib.ejabberd.logs/run.2023-10-17_14.33.23/log_private/crash.log",
                                65536,10485760,undefined,1,
                                lager_rotator_default]}},
                       {restart_type,permanent},
                       {shutdown,5000},
                       {child_type,worker}]
